# JRE version: OpenJDK Runtime Environment (8.0_152-b01) (build 1.8.0_152-release-915-b01)
# Java VM: OpenJDK 64-Bit Server VM (25.152-b01 mixed mode windows-amd64 compressed oops)
Heap:
 PSYoungGen      total 74240K, used 34740K [0x00000000e0000000, 0x00000000e5400000, 0x0000000100000000)
  eden space 61952K, 48% used [0x00000000e0000000,0x00000000e1d932d0,0x00000000e3c80000)
  from space 12288K, 36% used [0x00000000e4800000,0x00000000e4c59f10,0x00000000e5400000)
  to   space 11776K, 0% used [0x00000000e3c80000,0x00000000e3c80000,0x00000000e4800000)
 ParOldGen       total 64000K, used 16229K [0x00000000a0000000, 0x00000000a3e80000, 0x00000000e0000000)
  object space 64000K, 25% used [0x00000000a0000000,0x00000000a0fd9490,0x00000000a3e80000)
 Metaspace       used 41345K, capacity 42196K, committed 42456K, reserved 1085440K
  class space    used 5515K, capacity 5869K, committed 5888K, reserved 1048576K
GC Heap History (10 events):
Event: 3.701 GC heap before
{Heap before GC invocations=8 (full 1):
 PSYoungGen      total 58880K, used 54268K [0x00000000e0000000, 0x00000000e4400000, 0x0000000100000000)
  eden space 49152K, 100% used [0x00000000e0000000,0x00000000e3000000,0x00000000e3000000)
  from space 9728K, 52% used [0x00000000e3a80000,0x00000000e3f7f3f0,0x00000000e4400000)
  to   space 10240K, 0% used [0x00000000e3000000,0x00000000e3000000,0x00000000e3a00000)
 ParOldGen       total 64000K, used 8677K [0x00000000a0000000, 0x00000000a3e80000, 0x00000000e0000000)
  object space 64000K, 13% used [0x00000000a0000000,0x00000000a0879550,0x00000000a3e80000)
 Metaspace       used 29129K, capacity 29750K, committed 29952K, reserved 1075200K
  class space    used 4085K, capacity 4328K, committed 4352K, reserved 1048576K
Event: 3.708 GC heap after
Heap after GC invocations=8 (full 1):
 PSYoungGen      total 59392K, used 8643K [0x00000000e0000000, 0x00000000e4400000, 0x0000000100000000)
  eden space 49152K, 0% used [0x00000000e0000000,0x00000000e0000000,0x00000000e3000000)
  from space 10240K, 84% used [0x00000000e3000000,0x00000000e3870ea0,0x00000000e3a00000)
  to   space 9728K, 0% used [0x00000000e3a80000,0x00000000e3a80000,0x00000000e4400000)
 ParOldGen       total 64000K, used 8685K [0x00000000a0000000, 0x00000000a3e80000, 0x00000000e0000000)
  object space 64000K, 13% used [0x00000000a0000000,0x00000000a087b550,0x00000000a3e80000)
 Metaspace       used 29129K, capacity 29750K, committed 29952K, reserved 1075200K
  class space    used 4085K, capacity 4328K, committed 4352K, reserved 1048576K
}
Event: 4.665 GC heap before
{Heap before GC invocations=9 (full 1):
 PSYoungGen      total 59392K, used 57795K [0x00000000e0000000, 0x00000000e4400000, 0x0000000100000000)
  eden space 49152K, 100% used [0x00000000e0000000,0x00000000e3000000,0x00000000e3000000)
  from space 10240K, 84% used [0x00000000e3000000,0x00000000e3870ea0,0x00000000e3a00000)
  to   space 9728K, 0% used [0x00000000e3a80000,0x00000000e3a80000,0x00000000e4400000)
 ParOldGen       total 64000K, used 8685K [0x00000000a0000000, 0x00000000a3e80000, 0x00000000e0000000)
  object space 64000K, 13% used [0x00000000a0000000,0x00000000a087b550,0x00000000a3e80000)
 Metaspace       used 31455K, capacity 32118K, committed 32256K, reserved 1077248K
  class space    used 4308K, capacity 4584K, committed 4608K, reserved 1048576K
Event: 4.671 GC heap after
Heap after GC invocations=9 (full 1):
 PSYoungGen      total 58880K, used 7402K [0x00000000e0000000, 0x00000000e4400000, 0x0000000100000000)
  eden space 49152K, 0% used [0x00000000e0000000,0x00000000e0000000,0x00000000e3000000)
  from space 9728K, 76% used [0x00000000e3a80000,0x00000000e41babc8,0x00000000e4400000)
  to   space 10240K, 0% used [0x00000000e3000000,0x00000000e3000000,0x00000000e3a00000)
 ParOldGen       total 64000K, used 8757K [0x00000000a0000000, 0x00000000a3e80000, 0x00000000e0000000)
  object space 64000K, 13% used [0x00000000a0000000,0x00000000a088d560,0x00000000a3e80000)
 Metaspace       used 31455K, capacity 32118K, committed 32256K, reserved 1077248K
  class space    used 4308K, capacity 4584K, committed 4608K, reserved 1048576K
}
Event: 6.786 GC heap before
{Heap before GC invocations=10 (full 1):
 PSYoungGen      total 58880K, used 39982K [0x00000000e0000000, 0x00000000e4400000, 0x0000000100000000)
  eden space 49152K, 66% used [0x00000000e0000000,0x00000000e1fd0f08,0x00000000e3000000)
  from space 9728K, 76% used [0x00000000e3a80000,0x00000000e41babc8,0x00000000e4400000)
  to   space 10240K, 0% used [0x00000000e3000000,0x00000000e3000000,0x00000000e3a00000)
 ParOldGen       total 64000K, used 8757K [0x00000000a0000000, 0x00000000a3e80000, 0x00000000e0000000)
  object space 64000K, 13% used [0x00000000a0000000,0x00000000a088d560,0x00000000a3e80000)
 Metaspace       used 34433K, capacity 35188K, committed 35416K, reserved 1079296K
  class space    used 4693K, capacity 4974K, committed 4992K, reserved 1048576K
Event: 6.792 GC heap after
Heap after GC invocations=10 (full 1):
 PSYoungGen      total 59392K, used 10223K [0x00000000e0000000, 0x00000000e5400000, 0x0000000100000000)
  eden space 49152K, 0% used [0x00000000e0000000,0x00000000e0000000,0x00000000e3000000)
  from space 10240K, 99% used [0x00000000e3000000,0x00000000e39fbf70,0x00000000e3a00000)
  to   space 12288K, 0% used [0x00000000e4800000,0x00000000e4800000,0x00000000e5400000)
 ParOldGen       total 64000K, used 8765K [0x00000000a0000000, 0x00000000a3e80000, 0x00000000e0000000)
  object space 64000K, 13% used [0x00000000a0000000,0x00000000a088f560,0x00000000a3e80000)
 Metaspace       used 34433K, capacity 35188K, committed 35416K, reserved 1079296K
  class space    used 4693K, capacity 4974K, committed 4992K, reserved 1048576K
}
Event: 6.792 GC heap before
{Heap before GC invocations=11 (full 2):
 PSYoungGen      total 59392K, used 10223K [0x00000000e0000000, 0x00000000e5400000, 0x0000000100000000)
  eden space 49152K, 0% used [0x00000000e0000000,0x00000000e0000000,0x00000000e3000000)
  from space 10240K, 99% used [0x00000000e3000000,0x00000000e39fbf70,0x00000000e3a00000)
  to   space 12288K, 0% used [0x00000000e4800000,0x00000000e4800000,0x00000000e5400000)
 ParOldGen       total 64000K, used 8765K [0x00000000a0000000, 0x00000000a3e80000, 0x00000000e0000000)
  object space 64000K, 13% used [0x00000000a0000000,0x00000000a088f560,0x00000000a3e80000)
 Metaspace       used 34433K, capacity 35188K, committed 35416K, reserved 1079296K
  class space    used 4693K, capacity 4974K, committed 4992K, reserved 1048576K
Event: 6.848 GC heap after
Heap after GC invocations=11 (full 2):
 PSYoungGen      total 59392K, used 0K [0x00000000e0000000, 0x00000000e5400000, 0x0000000100000000)
  eden space 49152K, 0% used [0x00000000e0000000,0x00000000e0000000,0x00000000e3000000)
  from space 10240K, 0% used [0x00000000e3000000,0x00000000e3000000,0x00000000e3a00000)
  to   space 12288K, 0% used [0x00000000e4800000,0x00000000e4800000,0x00000000e5400000)
 ParOldGen       total 64000K, used 16221K [0x00000000a0000000, 0x00000000a3e80000, 0x00000000e0000000)
  object space 64000K, 25% used [0x00000000a0000000,0x00000000a0fd7490,0x00000000a3e80000)
 Metaspace       used 34433K, capacity 35188K, committed 35416K, reserved 1079296K
  class space    used 4693K, capacity 4974K, committed 4992K, reserved 1048576K
}
Event: 7.246 GC heap before
{Heap before GC invocations=12 (full 2):
 PSYoungGen      total 59392K, used 49152K [0x00000000e0000000, 0x00000000e5400000, 0x0000000100000000)
  eden space 49152K, 100% used [0x00000000e0000000,0x00000000e3000000,0x00000000e3000000)
  from space 10240K, 0% used [0x00000000e3000000,0x00000000e3000000,0x00000000e3a00000)
  to   space 12288K, 0% used [0x00000000e4800000,0x00000000e4800000,0x00000000e5400000)
 ParOldGen       total 64000K, used 16221K [0x00000000a0000000, 0x00000000a3e80000, 0x00000000e0000000)
  object space 64000K, 25% used [0x00000000a0000000,0x00000000a0fd7490,0x00000000a3e80000)
 Metaspace       used 38439K, capacity 39272K, committed 39640K, reserved 1083392K
  class space    used 5186K, capacity 5527K, committed 5632K, reserved 1048576K
Event: 7.252 GC heap after
Heap after GC invocations=12 (full 2):
 PSYoungGen      total 74240K, used 4455K [0x00000000e0000000, 0x00000000e5400000, 0x0000000100000000)
  eden space 61952K, 0% used [0x00000000e0000000,0x00000000e0000000,0x00000000e3c80000)
  from space 12288K, 36% used [0x00000000e4800000,0x00000000e4c59f10,0x00000000e5400000)
  to   space 11776K, 0% used [0x00000000e3c80000,0x00000000e3c80000,0x00000000e4800000)
 ParOldGen       total 64000K, used 16229K [0x00000000a0000000, 0x00000000a3e80000, 0x00000000e0000000)
  object space 64000K, 25% used [0x00000000a0000000,0x00000000a0fd9490,0x00000000a3e80000)
 Metaspace       used 38439K, capacity 39272K, committed 39640K, reserved 1083392K
  class space    used 5186K, capacity 5527K, committed 5632K, reserved 1048576K
}

