# JRE version: OpenJDK Runtime Environment (8.0_152-b01) (build 1.8.0_152-release-915-b01)
# Java VM: OpenJDK 64-Bit Server VM (25.152-b01 mixed mode windows-amd64 compressed oops)
Heap:
 PSYoungGen      total 78848K, used 13986K [0x00000000e0000000, 0x00000000e6a00000, 0x0000000100000000)
  eden space 67072K, 3% used [0x00000000e0000000,0x00000000e02899a0,0x00000000e4180000)
  from space 11776K, 96% used [0x00000000e4180000,0x00000000e4c9efe8,0x00000000e4d00000)
  to   space 13312K, 0% used [0x00000000e5d00000,0x00000000e5d00000,0x00000000e6a00000)
 ParOldGen       total 114688K, used 16215K [0x00000000a0000000, 0x00000000a7000000, 0x00000000e0000000)
  object space 114688K, 14% used [0x00000000a0000000,0x00000000a0fd5e80,0x00000000a7000000)
 Metaspace       used 45890K, capacity 47028K, committed 47360K, reserved 1089536K
  class space    used 6179K, capacity 6560K, committed 6656K, reserved 1048576K
GC Heap History (10 events):
Event: 6.494 GC heap before
{Heap before GC invocations=9 (full 1):
 PSYoungGen      total 53760K, used 51621K [0x00000000e0000000, 0x00000000e4c80000, 0x0000000100000000)
  eden space 43520K, 100% used [0x00000000e0000000,0x00000000e2a80000,0x00000000e2a80000)
  from space 10240K, 79% used [0x00000000e2a80000,0x00000000e3269658,0x00000000e3480000)
  to   space 10752K, 0% used [0x00000000e4200000,0x00000000e4200000,0x00000000e4c80000)
 ParOldGen       total 70656K, used 8736K [0x00000000a0000000, 0x00000000a4500000, 0x00000000e0000000)
  object space 70656K, 12% used [0x00000000a0000000,0x00000000a0888278,0x00000000a4500000)
 Metaspace       used 31363K, capacity 32022K, committed 32256K, reserved 1077248K
  class space    used 4296K, capacity 4552K, committed 4608K, reserved 1048576K
Event: 6.501 GC heap after
Heap after GC invocations=9 (full 1):
 PSYoungGen      total 67072K, used 8186K [0x00000000e0000000, 0x00000000e4d00000, 0x0000000100000000)
  eden space 56320K, 0% used [0x00000000e0000000,0x00000000e0000000,0x00000000e3700000)
  from space 10752K, 76% used [0x00000000e4200000,0x00000000e49febe8,0x00000000e4c80000)
  to   space 11264K, 0% used [0x00000000e3700000,0x00000000e3700000,0x00000000e4200000)
 ParOldGen       total 70656K, used 8744K [0x00000000a0000000, 0x00000000a4500000, 0x00000000e0000000)
  object space 70656K, 12% used [0x00000000a0000000,0x00000000a088a278,0x00000000a4500000)
 Metaspace       used 31363K, capacity 32022K, committed 32256K, reserved 1077248K
  class space    used 4296K, capacity 4552K, committed 4608K, reserved 1048576K
}
Event: 7.144 GC heap before
{Heap before GC invocations=10 (full 1):
 PSYoungGen      total 67072K, used 52590K [0x00000000e0000000, 0x00000000e4d00000, 0x0000000100000000)
  eden space 56320K, 78% used [0x00000000e0000000,0x00000000e2b5cdc0,0x00000000e3700000)
  from space 10752K, 76% used [0x00000000e4200000,0x00000000e49febe8,0x00000000e4c80000)
  to   space 11264K, 0% used [0x00000000e3700000,0x00000000e3700000,0x00000000e4200000)
 ParOldGen       total 70656K, used 8744K [0x00000000a0000000, 0x00000000a4500000, 0x00000000e0000000)
  object space 70656K, 12% used [0x00000000a0000000,0x00000000a088a278,0x00000000a4500000)
 Metaspace       used 34453K, capacity 35252K, committed 35416K, reserved 1079296K
  class space    used 4681K, capacity 4974K, committed 4992K, reserved 1048576K
Event: 7.154 GC heap after
Heap after GC invocations=10 (full 1):
 PSYoungGen      total 67584K, used 10228K [0x00000000e0000000, 0x00000000e5900000, 0x0000000100000000)
  eden space 56320K, 0% used [0x00000000e0000000,0x00000000e0000000,0x00000000e3700000)
  from space 11264K, 90% used [0x00000000e3700000,0x00000000e40fd3a0,0x00000000e4200000)
  to   space 12288K, 0% used [0x00000000e4d00000,0x00000000e4d00000,0x00000000e5900000)
 ParOldGen       total 70656K, used 8816K [0x00000000a0000000, 0x00000000a4500000, 0x00000000e0000000)
  object space 70656K, 12% used [0x00000000a0000000,0x00000000a089c288,0x00000000a4500000)
 Metaspace       used 34453K, capacity 35252K, committed 35416K, reserved 1079296K
  class space    used 4681K, capacity 4974K, committed 4992K, reserved 1048576K
}
Event: 7.154 GC heap before
{Heap before GC invocations=11 (full 2):
 PSYoungGen      total 67584K, used 10228K [0x00000000e0000000, 0x00000000e5900000, 0x0000000100000000)
  eden space 56320K, 0% used [0x00000000e0000000,0x00000000e0000000,0x00000000e3700000)
  from space 11264K, 90% used [0x00000000e3700000,0x00000000e40fd3a0,0x00000000e4200000)
  to   space 12288K, 0% used [0x00000000e4d00000,0x00000000e4d00000,0x00000000e5900000)
 ParOldGen       total 70656K, used 8816K [0x00000000a0000000, 0x00000000a4500000, 0x00000000e0000000)
  object space 70656K, 12% used [0x00000000a0000000,0x00000000a089c288,0x00000000a4500000)
 Metaspace       used 34453K, capacity 35252K, committed 35416K, reserved 1079296K
  class space    used 4681K, capacity 4974K, committed 4992K, reserved 1048576K
Event: 7.208 GC heap after
Heap after GC invocations=11 (full 2):
 PSYoungGen      total 67584K, used 0K [0x00000000e0000000, 0x00000000e5900000, 0x0000000100000000)
  eden space 56320K, 0% used [0x00000000e0000000,0x00000000e0000000,0x00000000e3700000)
  from space 11264K, 0% used [0x00000000e3700000,0x00000000e3700000,0x00000000e4200000)
  to   space 12288K, 0% used [0x00000000e4d00000,0x00000000e4d00000,0x00000000e5900000)
 ParOldGen       total 114688K, used 16207K [0x00000000a0000000, 0x00000000a7000000, 0x00000000e0000000)
  object space 114688K, 14% used [0x00000000a0000000,0x00000000a0fd3e80,0x00000000a7000000)
 Metaspace       used 34453K, capacity 35252K, committed 35416K, reserved 1079296K
  class space    used 4681K, capacity 4974K, committed 4992K, reserved 1048576K
}
Event: 7.644 GC heap before
{Heap before GC invocations=12 (full 2):
 PSYoungGen      total 67584K, used 56320K [0x00000000e0000000, 0x00000000e5900000, 0x0000000100000000)
  eden space 56320K, 100% used [0x00000000e0000000,0x00000000e3700000,0x00000000e3700000)
  from space 11264K, 0% used [0x00000000e3700000,0x00000000e3700000,0x00000000e4200000)
  to   space 12288K, 0% used [0x00000000e4d00000,0x00000000e4d00000,0x00000000e5900000)
 ParOldGen       total 114688K, used 16207K [0x00000000a0000000, 0x00000000a7000000, 0x00000000e0000000)
  object space 114688K, 14% used [0x00000000a0000000,0x00000000a0fd3e80,0x00000000a7000000)
 Metaspace       used 38512K, capacity 39336K, committed 39680K, reserved 1083392K
  class space    used 5174K, capacity 5527K, committed 5632K, reserved 1048576K
Event: 7.650 GC heap after
Heap after GC invocations=12 (full 2):
 PSYoungGen      total 79360K, used 4731K [0x00000000e0000000, 0x00000000e5980000, 0x0000000100000000)
  eden space 67072K, 0% used [0x00000000e0000000,0x00000000e0000000,0x00000000e4180000)
  from space 12288K, 38% used [0x00000000e4d00000,0x00000000e519ef50,0x00000000e5900000)
  to   space 11776K, 0% used [0x00000000e4180000,0x00000000e4180000,0x00000000e4d00000)
 ParOldGen       total 114688K, used 16215K [0x00000000a0000000, 0x00000000a7000000, 0x00000000e0000000)
  object space 114688K, 14% used [0x00000000a0000000,0x00000000a0fd5e80,0x00000000a7000000)
 Metaspace       used 38512K, capacity 39336K, committed 39680K, reserved 1083392K
  class space    used 5174K, capacity 5527K, committed 5632K, reserved 1048576K
}
Event: 8.441 GC heap before
{Heap before GC invocations=13 (full 2):
 PSYoungGen      total 79360K, used 71803K [0x00000000e0000000, 0x00000000e5980000, 0x0000000100000000)
  eden space 67072K, 100% used [0x00000000e0000000,0x00000000e4180000,0x00000000e4180000)
  from space 12288K, 38% used [0x00000000e4d00000,0x00000000e519ef50,0x00000000e5900000)
  to   space 11776K, 0% used [0x00000000e4180000,0x00000000e4180000,0x00000000e4d00000)
 ParOldGen       total 114688K, used 16215K [0x00000000a0000000, 0x00000000a7000000, 0x00000000e0000000)
  object space 114688K, 14% used [0x00000000a0000000,0x00000000a0fd5e80,0x00000000a7000000)
 Metaspace       used 44500K, capacity 45620K, committed 45824K, reserved 1089536K
  class space    used 6011K, capacity 6368K, committed 6400K, reserved 1048576K
Event: 8.455 GC heap after
Heap after GC invocations=13 (full 2):
 PSYoungGen      total 78848K, used 11387K [0x00000000e0000000, 0x00000000e6a00000, 0x0000000100000000)
  eden space 67072K, 0% used [0x00000000e0000000,0x00000000e0000000,0x00000000e4180000)
  from space 11776K, 96% used [0x00000000e4180000,0x00000000e4c9efe8,0x00000000e4d00000)
  to   space 13312K, 0% used [0x00000000e5d00000,0x00000000e5d00000,0x00000000e6a00000)
 ParOldGen       total 114688K, used 16215K [0x00000000a0000000, 0x00000000a7000000, 0x00000000e0000000)
  object space 114688K, 14% used [0x00000000a0000000,0x00000000a0fd5e80,0x00000000a7000000)
 Metaspace       used 44500K, capacity 45620K, committed 45824K, reserved 1089536K
  class space    used 6011K, capacity 6368K, committed 6400K, reserved 1048576K
}

