# JRE version: OpenJDK Runtime Environment (8.0_152-b01) (build 1.8.0_152-release-915-b01)
# Java VM: OpenJDK 64-Bit Server VM (25.152-b01 mixed mode windows-amd64 compressed oops)
Heap:
 PSYoungGen      total 110080K, used 44782K [0x00000000e0000000, 0x00000000e7800000, 0x0000000100000000)
  eden space 98304K, 33% used [0x00000000e0000000,0x00000000e2042f30,0x00000000e6000000)
  from space 11776K, 99% used [0x00000000e6100000,0x00000000e6c788d8,0x00000000e6c80000)
  to   space 7680K, 0% used [0x00000000e7080000,0x00000000e7080000,0x00000000e7800000)
 ParOldGen       total 98816K, used 35258K [0x00000000a0000000, 0x00000000a6080000, 0x00000000e0000000)
  object space 98816K, 35% used [0x00000000a0000000,0x00000000a226eb60,0x00000000a6080000)
 Metaspace       used 54430K, capacity 56552K, committed 56664K, reserved 1097728K
  class space    used 7429K, capacity 7972K, committed 8064K, reserved 1048576K
GC Heap History (10 events):
Event: 5.818 GC heap before
{Heap before GC invocations=11 (full 2):
 PSYoungGen      total 87552K, used 10226K [0x00000000e0000000, 0x00000000e7c80000, 0x0000000100000000)
  eden space 76288K, 0% used [0x00000000e0000000,0x00000000e0000000,0x00000000e4a80000)
  from space 11264K, 90% used [0x00000000e4a80000,0x00000000e547cb00,0x00000000e5580000)
  to   space 12288K, 0% used [0x00000000e7080000,0x00000000e7080000,0x00000000e7c80000)
 ParOldGen       total 64512K, used 8767K [0x00000000a0000000, 0x00000000a3f00000, 0x00000000e0000000)
  object space 64512K, 13% used [0x00000000a0000000,0x00000000a088fff8,0x00000000a3f00000)
 Metaspace       used 34448K, capacity 35188K, committed 35416K, reserved 1079296K
  class space    used 4682K, capacity 4974K, committed 4992K, reserved 1048576K
Event: 5.873 GC heap after
Heap after GC invocations=11 (full 2):
 PSYoungGen      total 87552K, used 0K [0x00000000e0000000, 0x00000000e7c80000, 0x0000000100000000)
  eden space 76288K, 0% used [0x00000000e0000000,0x00000000e0000000,0x00000000e4a80000)
  from space 11264K, 0% used [0x00000000e4a80000,0x00000000e4a80000,0x00000000e5580000)
  to   space 12288K, 0% used [0x00000000e7080000,0x00000000e7080000,0x00000000e7c80000)
 ParOldGen       total 98816K, used 16190K [0x00000000a0000000, 0x00000000a6080000, 0x00000000e0000000)
  object space 98816K, 16% used [0x00000000a0000000,0x00000000a0fcf9d8,0x00000000a6080000)
 Metaspace       used 34448K, capacity 35188K, committed 35416K, reserved 1079296K
  class space    used 4682K, capacity 4974K, committed 4992K, reserved 1048576K
}
Event: 6.562 GC heap before
{Heap before GC invocations=12 (full 2):
 PSYoungGen      total 87552K, used 76288K [0x00000000e0000000, 0x00000000e7c80000, 0x0000000100000000)
  eden space 76288K, 100% used [0x00000000e0000000,0x00000000e4a80000,0x00000000e4a80000)
  from space 11264K, 0% used [0x00000000e4a80000,0x00000000e4a80000,0x00000000e5580000)
  to   space 12288K, 0% used [0x00000000e7080000,0x00000000e7080000,0x00000000e7c80000)
 ParOldGen       total 98816K, used 16190K [0x00000000a0000000, 0x00000000a6080000, 0x00000000e0000000)
  object space 98816K, 16% used [0x00000000a0000000,0x00000000a0fcf9d8,0x00000000a6080000)
 Metaspace       used 41209K, capacity 42044K, committed 42456K, reserved 1085440K
  class space    used 5485K, capacity 5799K, committed 5888K, reserved 1048576K
Event: 6.573 GC heap after
Heap after GC invocations=12 (full 2):
 PSYoungGen      total 105984K, used 7454K [0x00000000e0000000, 0x00000000e7800000, 0x0000000100000000)
  eden space 98304K, 0% used [0x00000000e0000000,0x00000000e0000000,0x00000000e6000000)
  from space 7680K, 97% used [0x00000000e7080000,0x00000000e77c7860,0x00000000e7800000)
  to   space 11776K, 0% used [0x00000000e6100000,0x00000000e6100000,0x00000000e6c80000)
 ParOldGen       total 98816K, used 16198K [0x00000000a0000000, 0x00000000a6080000, 0x00000000e0000000)
  object space 98816K, 16% used [0x00000000a0000000,0x00000000a0fd19d8,0x00000000a6080000)
 Metaspace       used 41209K, capacity 42044K, committed 42456K, reserved 1085440K
  class space    used 5485K, capacity 5799K, committed 5888K, reserved 1048576K
}
Event: 7.763 GC heap before
{Heap before GC invocations=13 (full 2):
 PSYoungGen      total 105984K, used 105758K [0x00000000e0000000, 0x00000000e7800000, 0x0000000100000000)
  eden space 98304K, 100% used [0x00000000e0000000,0x00000000e6000000,0x00000000e6000000)
  from space 7680K, 97% used [0x00000000e7080000,0x00000000e77c7860,0x00000000e7800000)
  to   space 11776K, 0% used [0x00000000e6100000,0x00000000e6100000,0x00000000e6c80000)
 ParOldGen       total 98816K, used 16198K [0x00000000a0000000, 0x00000000a6080000, 0x00000000e0000000)
  object space 98816K, 16% used [0x00000000a0000000,0x00000000a0fd19d8,0x00000000a6080000)
 Metaspace       used 47004K, capacity 48190K, committed 48472K, reserved 1091584K
  class space    used 6278K, capacity 6675K, committed 6784K, reserved 1048576K
Event: 7.776 GC heap after
Heap after GC invocations=13 (full 2):
 PSYoungGen      total 110080K, used 11755K [0x00000000e0000000, 0x00000000e7800000, 0x0000000100000000)
  eden space 98304K, 0% used [0x00000000e0000000,0x00000000e0000000,0x00000000e6000000)
  from space 11776K, 99% used [0x00000000e6100000,0x00000000e6c7ae30,0x00000000e6c80000)
  to   space 7680K, 0% used [0x00000000e7080000,0x00000000e7080000,0x00000000e7800000)
 ParOldGen       total 98816K, used 17199K [0x00000000a0000000, 0x00000000a6080000, 0x00000000e0000000)
  object space 98816K, 17% used [0x00000000a0000000,0x00000000a10cbe50,0x00000000a6080000)
 Metaspace       used 47004K, capacity 48190K, committed 48472K, reserved 1091584K
  class space    used 6278K, capacity 6675K, committed 6784K, reserved 1048576K
}
Event: 8.689 GC heap before
{Heap before GC invocations=14 (full 2):
 PSYoungGen      total 110080K, used 110059K [0x00000000e0000000, 0x00000000e7800000, 0x0000000100000000)
  eden space 98304K, 100% used [0x00000000e0000000,0x00000000e6000000,0x00000000e6000000)
  from space 11776K, 99% used [0x00000000e6100000,0x00000000e6c7ae30,0x00000000e6c80000)
  to   space 7680K, 0% used [0x00000000e7080000,0x00000000e7080000,0x00000000e7800000)
 ParOldGen       total 98816K, used 17199K [0x00000000a0000000, 0x00000000a6080000, 0x00000000e0000000)
  object space 98816K, 17% used [0x00000000a0000000,0x00000000a10cbe50,0x00000000a6080000)
 Metaspace       used 52081K, capacity 53784K, committed 53848K, reserved 1095680K
  class space    used 7043K, capacity 7532K, committed 7552K, reserved 1048576K
Event: 8.705 GC heap after
Heap after GC invocations=14 (full 2):
 PSYoungGen      total 105984K, used 7670K [0x00000000e0000000, 0x00000000e7800000, 0x0000000100000000)
  eden space 98304K, 0% used [0x00000000e0000000,0x00000000e0000000,0x00000000e6000000)
  from space 7680K, 99% used [0x00000000e7080000,0x00000000e77fdbb8,0x00000000e7800000)
  to   space 11776K, 0% used [0x00000000e6100000,0x00000000e6100000,0x00000000e6c80000)
 ParOldGen       total 98816K, used 27079K [0x00000000a0000000, 0x00000000a6080000, 0x00000000e0000000)
  object space 98816K, 27% used [0x00000000a0000000,0x00000000a1a71d40,0x00000000a6080000)
 Metaspace       used 52081K, capacity 53784K, committed 53848K, reserved 1095680K
  class space    used 7043K, capacity 7532K, committed 7552K, reserved 1048576K
}
Event: 9.394 GC heap before
{Heap before GC invocations=15 (full 2):
 PSYoungGen      total 105984K, used 105974K [0x00000000e0000000, 0x00000000e7800000, 0x0000000100000000)
  eden space 98304K, 100% used [0x00000000e0000000,0x00000000e6000000,0x00000000e6000000)
  from space 7680K, 99% used [0x00000000e7080000,0x00000000e77fdbb8,0x00000000e7800000)
  to   space 11776K, 0% used [0x00000000e6100000,0x00000000e6100000,0x00000000e6c80000)
 ParOldGen       total 98816K, used 27079K [0x00000000a0000000, 0x00000000a6080000, 0x00000000e0000000)
  object space 98816K, 27% used [0x00000000a0000000,0x00000000a1a71d40,0x00000000a6080000)
 Metaspace       used 54363K, capacity 56412K, committed 56664K, reserved 1097728K
  class space    used 7421K, capacity 7970K, committed 8064K, reserved 1048576K
Event: 9.413 GC heap after
Heap after GC invocations=15 (full 2):
 PSYoungGen      total 110080K, used 11746K [0x00000000e0000000, 0x00000000e7800000, 0x0000000100000000)
  eden space 98304K, 0% used [0x00000000e0000000,0x00000000e0000000,0x00000000e6000000)
  from space 11776K, 99% used [0x00000000e6100000,0x00000000e6c788d8,0x00000000e6c80000)
  to   space 7680K, 0% used [0x00000000e7080000,0x00000000e7080000,0x00000000e7800000)
 ParOldGen       total 98816K, used 35258K [0x00000000a0000000, 0x00000000a6080000, 0x00000000e0000000)
  object space 98816K, 35% used [0x00000000a0000000,0x00000000a226eb60,0x00000000a6080000)
 Metaspace       used 54363K, capacity 56412K, committed 56664K, reserved 1097728K
  class space    used 7421K, capacity 7970K, committed 8064K, reserved 1048576K
}

